Arguments: 
  /usr/local/bin/node /usr/local/bin/yarn

PATH: 
  /home/pengxie/.vscode-server/bin/b3e4e68a0bc097f0ae7907b217c1119af9e03435/bin/remote-cli:/usr/local/sbin:/usr/local/bin:/usr/sbin:/usr/bin:/sbin:/bin:/usr/games:/usr/local/games:/snap/bin

Yarn version: 
  1.22.17

Node version: 
  18.13.0

Platform: 
  linux x64

Trace: 
  Error: getaddrinfo ENOTFOUND dops-jfrog.fortinet-us.com
      at GetAddrInfoReqWrap.onlookup [as oncomplete] (node:dns:107:26)

npm manifest: 
  {
    "name": "vite-react-codesplit",
    "private": true,
    "version": "0.0.0",
    "type": "module",
    "scripts": {
      "dev": "vite --host=0.0.0.0",
      "build": "vite build",
      "preview": "vite preview"
    },
    "devDependencies": {
      "@rollup/plugin-commonjs": "^25.0.0",
      "concurrently": "^8.0.1",
      "vite": "^4.3.2",
      "cjstoesm": "^2.1.2"
    },
    "dependencies": {
      "@loadable/component": "5.15.3",
      "@uirouter/react": "^1.0.7",
      "arr-flatten": "^1.1.0",
      "diff": "^3.5.0",
      "lodash-es": "^4.17.21",
      "psl": "^1.8.0",
      "react": "^18.2.0",
      "react-dom": "^18.2.0"
    },
    "engines": {
      "node": ">=18.0.0"
    }
  }

yarn manifest: 
  No manifest

Lockfile: 
  No lockfile
